<?xml version="1.0" encoding="UTF-8"?>
<!-- Generated by org.testng.reporters.JUnitXMLReporter -->
<testsuite ignored="0" hostname="DESKTOP-S99UOC8" failures="0" tests="5" name="Default test" time="20.775" errors="0" timestamp="2025-03-06T01:03:48 IST">
  <testcase classname="TestCases.verifyPage1" name="loginTc" time="0.458"/>
  <testcase classname="TestCases.verifyPage1" name="loginTc" time="0.388"/>
  <testcase classname="TestCases.verifyPage1" name="loginTc" time="0.426"/>
  <testcase classname="TestCases.verifyPage1" name="loginTc" time="0.393"/>
  <testcase classname="TestCases.verifyPage1" name="verifyForgetPwd" time="1.271"/>
</testsuite> <!-- Default test -->
