<?xml version="1.0" encoding="UTF-8"?>
<testng-results ignored="0" total="5" passed="5" failed="0" skipped="0">
  <reporter-output>
  </reporter-output>
  <suite started-at="2025-03-06T01:03:27 IST" name="Default suite" finished-at="2025-03-06T01:03:48 IST" duration-ms="20775">
    <groups>
    </groups>
    <test started-at="2025-03-06T01:03:27 IST" name="Default test" finished-at="2025-03-06T01:03:48 IST" duration-ms="20775">
      <class name="TestCases.verifyPage1">
        <test-method is-config="true" signature="setUp()[pri:0, instance:TestCases.verifyPage1@69453e37]" started-at="2025-03-06T01:03:29 IST" name="setUp" finished-at="2025-03-06T01:03:32 IST" duration-ms="3838" status="PASS">
          <reporter-output>
          </reporter-output>
        </test-method> <!-- setUp -->
        <test-method signature="loginTc(java.lang.String,java.lang.String)[pri:1, instance:TestCases.verifyPage1@69453e37]" started-at="2025-03-06T01:03:32 IST" name="loginTc" data-provider="info" finished-at="2025-03-06T01:03:33 IST" duration-ms="458" status="PASS">
          <params>
            <param index="0">
              <value>
                <![CDATA[Unm]]>
              </value>
            </param>
            <param index="1">
              <value>
                <![CDATA[Pwd]]>
              </value>
            </param>
          </params>
          <reporter-output>
          </reporter-output>
        </test-method> <!-- loginTc -->
        <test-method is-config="true" signature="tearDown(org.testng.ITestResult)[pri:0, instance:TestCases.verifyPage1@69453e37]" started-at="2025-03-06T01:03:33 IST" name="tearDown" finished-at="2025-03-06T01:03:33 IST" duration-ms="264" status="PASS">
          <params>
            <param index="0">
              <value>
                <![CDATA[[TestResult name=loginTc status=SUCCESS method=verifyPage1.loginTc(java.lang.String,java.lang.String)[pri:1, instance:TestCases.verifyPage1@69453e37] output={null}]]]>
              </value>
            </param>
          </params>
          <reporter-output>
          </reporter-output>
        </test-method> <!-- tearDown -->
        <test-method is-config="true" signature="setUp()[pri:0, instance:TestCases.verifyPage1@69453e37]" started-at="2025-03-06T01:03:33 IST" name="setUp" finished-at="2025-03-06T01:03:36 IST" duration-ms="2725" status="PASS">
          <reporter-output>
          </reporter-output>
        </test-method> <!-- setUp -->
        <test-method signature="loginTc(java.lang.String,java.lang.String)[pri:1, instance:TestCases.verifyPage1@69453e37]" started-at="2025-03-06T01:03:36 IST" name="loginTc" data-provider="info" finished-at="2025-03-06T01:03:36 IST" duration-ms="388" status="PASS">
          <params>
            <param index="0">
              <value>
                <![CDATA[aaa]]>
              </value>
            </param>
            <param index="1">
              <value>
                <![CDATA[a]]>
              </value>
            </param>
          </params>
          <reporter-output>
          </reporter-output>
        </test-method> <!-- loginTc -->
        <test-method is-config="true" signature="tearDown(org.testng.ITestResult)[pri:0, instance:TestCases.verifyPage1@69453e37]" started-at="2025-03-06T01:03:36 IST" name="tearDown" finished-at="2025-03-06T01:03:36 IST" duration-ms="281" status="PASS">
          <params>
            <param index="0">
              <value>
                <![CDATA[[TestResult name=loginTc status=SUCCESS method=verifyPage1.loginTc(java.lang.String,java.lang.String)[pri:1, instance:TestCases.verifyPage1@69453e37] output={null}]]]>
              </value>
            </param>
          </params>
          <reporter-output>
          </reporter-output>
        </test-method> <!-- tearDown -->
        <test-method is-config="true" signature="setUp()[pri:0, instance:TestCases.verifyPage1@69453e37]" started-at="2025-03-06T01:03:36 IST" name="setUp" finished-at="2025-03-06T01:03:39 IST" duration-ms="2828" status="PASS">
          <reporter-output>
          </reporter-output>
        </test-method> <!-- setUp -->
        <test-method signature="loginTc(java.lang.String,java.lang.String)[pri:1, instance:TestCases.verifyPage1@69453e37]" started-at="2025-03-06T01:03:39 IST" name="loginTc" data-provider="info" finished-at="2025-03-06T01:03:40 IST" duration-ms="426" status="PASS">
          <params>
            <param index="0">
              <value>
                <![CDATA[bbb]]>
              </value>
            </param>
            <param index="1">
              <value>
                <![CDATA[b]]>
              </value>
            </param>
          </params>
          <reporter-output>
          </reporter-output>
        </test-method> <!-- loginTc -->
        <test-method is-config="true" signature="tearDown(org.testng.ITestResult)[pri:0, instance:TestCases.verifyPage1@69453e37]" started-at="2025-03-06T01:03:40 IST" name="tearDown" finished-at="2025-03-06T01:03:40 IST" duration-ms="289" status="PASS">
          <params>
            <param index="0">
              <value>
                <![CDATA[[TestResult name=loginTc status=SUCCESS method=verifyPage1.loginTc(java.lang.String,java.lang.String)[pri:1, instance:TestCases.verifyPage1@69453e37] output={null}]]]>
              </value>
            </param>
          </params>
          <reporter-output>
          </reporter-output>
        </test-method> <!-- tearDown -->
        <test-method is-config="true" signature="setUp()[pri:0, instance:TestCases.verifyPage1@69453e37]" started-at="2025-03-06T01:03:40 IST" name="setUp" finished-at="2025-03-06T01:03:43 IST" duration-ms="2775" status="PASS">
          <reporter-output>
          </reporter-output>
        </test-method> <!-- setUp -->
        <test-method signature="loginTc(java.lang.String,java.lang.String)[pri:1, instance:TestCases.verifyPage1@69453e37]" started-at="2025-03-06T01:03:43 IST" name="loginTc" data-provider="info" finished-at="2025-03-06T01:03:43 IST" duration-ms="393" status="PASS">
          <params>
            <param index="0">
              <value>
                <![CDATA[ccc]]>
              </value>
            </param>
            <param index="1">
              <value>
                <![CDATA[c]]>
              </value>
            </param>
          </params>
          <reporter-output>
          </reporter-output>
        </test-method> <!-- loginTc -->
        <test-method is-config="true" signature="tearDown(org.testng.ITestResult)[pri:0, instance:TestCases.verifyPage1@69453e37]" started-at="2025-03-06T01:03:43 IST" name="tearDown" finished-at="2025-03-06T01:03:43 IST" duration-ms="283" status="PASS">
          <params>
            <param index="0">
              <value>
                <![CDATA[[TestResult name=loginTc status=SUCCESS method=verifyPage1.loginTc(java.lang.String,java.lang.String)[pri:1, instance:TestCases.verifyPage1@69453e37] output={null}]]]>
              </value>
            </param>
          </params>
          <reporter-output>
          </reporter-output>
        </test-method> <!-- tearDown -->
        <test-method is-config="true" signature="setUp()[pri:0, instance:TestCases.verifyPage1@69453e37]" started-at="2025-03-06T01:03:43 IST" name="setUp" finished-at="2025-03-06T01:03:46 IST" duration-ms="2963" status="PASS">
          <reporter-output>
          </reporter-output>
        </test-method> <!-- setUp -->
        <test-method signature="verifyForgetPwd()[pri:2, instance:TestCases.verifyPage1@69453e37]" started-at="2025-03-06T01:03:46 IST" name="verifyForgetPwd" finished-at="2025-03-06T01:03:48 IST" duration-ms="1271" status="PASS">
          <reporter-output>
          </reporter-output>
        </test-method> <!-- verifyForgetPwd -->
        <test-method is-config="true" signature="tearDown(org.testng.ITestResult)[pri:0, instance:TestCases.verifyPage1@69453e37]" started-at="2025-03-06T01:03:48 IST" name="tearDown" finished-at="2025-03-06T01:03:48 IST" duration-ms="286" status="PASS">
          <params>
            <param index="0">
              <value>
                <![CDATA[[TestResult name=verifyForgetPwd status=SUCCESS method=verifyPage1.verifyForgetPwd()[pri:2, instance:TestCases.verifyPage1@69453e37] output={null}]]]>
              </value>
            </param>
          </params>
          <reporter-output>
          </reporter-output>
        </test-method> <!-- tearDown -->
      </class> <!-- TestCases.verifyPage1 -->
    </test> <!-- Default test -->
  </suite> <!-- Default suite -->
</testng-results>
