<?xml version="1.0" encoding="UTF-8"?>
<!-- Generated by org.testng.reporters.JUnitXMLReporter -->
<testsuite ignored="4" hostname="DESKTOP-S99UOC8" failures="0" tests="1" name="Test1" time="0.021" errors="0" timestamp="2025-02-28T14:58:56 IST">
  <testcase classname="com.facebook.Membership.com_28_Feb.GroupsDemo" name="D" time="0.005"/>
  <testcase classname="com.facebook.Membership.com_28_Feb.GroupsDemo" name="C" time="0.0">
    <ignored/>
  </testcase> <!-- C -->
  <testcase classname="com.facebook.Membership.com_28_Feb.GroupsDemo" name="E" time="0.0">
    <ignored/>
  </testcase> <!-- E -->
  <testcase classname="com.facebook.Membership.com_28_Feb.GroupsDemo" name="B" time="0.0">
    <ignored/>
  </testcase> <!-- B -->
  <testcase classname="com.facebook.Membership.com_28_Feb.GroupsDemo" name="A" time="0.0">
    <ignored/>
  </testcase> <!-- A -->
</testsuite> <!-- Test1 -->
